2015-10-20 00:09:48 =ERROR REPORT====
Error in process <0.68.0> with exit value: {badarg,[{ets,new,[session,[public,named_table,{keypos,1},set]],[]},{mqueue,start,2,[{file,"src/mqueue.erl"},{line,14}]},{edb_listener,do_accept,1,[{file,"src/edb_listener.erl"},{line,44}]}]}

2015-10-20 00:09:48 =ERROR REPORT====
Error in process <0.69.0> with exit value: {badarg,[{ets,new,[session,[public,named_table,{keypos,1},set]],[]},{mqueue,start,2,[{file,"src/mqueue.erl"},{line,14}]},{edb_listener,do_accept,1,[{file,"src/edb_listener.erl"},{line,44}]}]}

2015-10-20 00:09:48 =ERROR REPORT====
Error in process <0.33.0> with exit value: {badarg,[{ets,new,[session,[public,named_table,{keypos,1},set]],[]},{mqueue,start,2,[{file,"src/mqueue.erl"},{line,14}]},{edb_listener,do_accept,1,[{file,"src/edb_listener.erl"},{line,44}]}]}

2015-10-20 00:09:48 =ERROR REPORT====
** Generic server pgsql_connection_sup terminating 
** Last message in was {'EXIT',<0.33.0>,{badarg,[{ets,new,[session,[public,named_table,{keypos,1},set]],[]},{mqueue,start,2,[{file,"src/mqueue.erl"},{line,14}]},{edb_listener,do_accept,1,[{file,"src/edb_listener.erl"},{line,44}]}]}}
** When Server state == {state,{local,pgsql_connection_sup},simple_one_for_one,[{child,undefined,pgsql_connection,{pgsql_connection,start_link,[]},temporary,5000,worker,[pgsql_proto]}],undefined,5,1,[],pgsql_connection_sup,[]}
** Reason for termination == 
** {badarg,[{ets,new,[session,[public,named_table,{keypos,1},set]],[]},{mqueue,start,2,[{file,"src/mqueue.erl"},{line,14}]},{edb_listener,do_accept,1,[{file,"src/edb_listener.erl"},{line,44}]}]}
2015-10-20 00:09:48 =CRASH REPORT====
  crasher:
    initial call: supervisor:pgsql_connection_sup/1
    pid: <0.67.0>
    registered_name: pgsql_connection_sup
    exception exit: {{badarg,[{ets,new,[session,[public,named_table,{keypos,1},set]],[]},{mqueue,start,2,[{file,"src/mqueue.erl"},{line,14}]},{edb_listener,do_accept,1,[{file,"src/edb_listener.erl"},{line,44}]}]},[{gen_server,terminate,6,[{file,"gen_server.erl"},{line,737}]},{proc_lib,init_p_do_apply,3,[{file,"proc_lib.erl"},{line,237}]}]}
    ancestors: [<0.33.0>]
    messages: []
    links: []
    dictionary: []
    trap_exit: true
    status: running
    heap_size: 610
    stack_size: 27
    reductions: 301
  neighbours:
2015-10-20 00:15:15 =ERROR REPORT====
Error in process <0.62.0> with exit value: {badarg,[{ets,new,[session,[public,named_table,{keypos,1},set]],[]},{mqueue,start,2,[{file,"src/mqueue.erl"},{line,14}]},{edb_listener,do_accept,1,[{file,"src/edb_listener.erl"},{line,44}]}]}

2015-10-20 00:15:15 =ERROR REPORT====
Error in process <0.63.0> with exit value: {badarg,[{ets,new,[session,[public,named_table,{keypos,1},set]],[]},{mqueue,start,2,[{file,"src/mqueue.erl"},{line,14}]},{edb_listener,do_accept,1,[{file,"src/edb_listener.erl"},{line,44}]}]}

2015-10-20 00:15:15 =ERROR REPORT====
Error in process <0.29.0> with exit value: {badarg,[{ets,new,[session,[public,named_table,{keypos,1},set]],[]},{mqueue,start,2,[{file,"src/mqueue.erl"},{line,14}]},{edb_listener,do_accept,1,[{file,"src/edb_listener.erl"},{line,44}]}]}

2015-10-20 00:15:15 =ERROR REPORT====
** Generic server pgsql_connection_sup terminating 
** Last message in was {'EXIT',<0.29.0>,{badarg,[{ets,new,[session,[public,named_table,{keypos,1},set]],[]},{mqueue,start,2,[{file,"src/mqueue.erl"},{line,14}]},{edb_listener,do_accept,1,[{file,"src/edb_listener.erl"},{line,44}]}]}}
** When Server state == {state,{local,pgsql_connection_sup},simple_one_for_one,[{child,undefined,pgsql_connection,{pgsql_connection,start_link,[]},temporary,5000,worker,[pgsql_proto]}],undefined,5,1,[],pgsql_connection_sup,[]}
** Reason for termination == 
** {badarg,[{ets,new,[session,[public,named_table,{keypos,1},set]],[]},{mqueue,start,2,[{file,"src/mqueue.erl"},{line,14}]},{edb_listener,do_accept,1,[{file,"src/edb_listener.erl"},{line,44}]}]}
2015-10-20 00:15:15 =CRASH REPORT====
  crasher:
    initial call: supervisor:pgsql_connection_sup/1
    pid: <0.61.0>
    registered_name: pgsql_connection_sup
    exception exit: {{badarg,[{ets,new,[session,[public,named_table,{keypos,1},set]],[]},{mqueue,start,2,[{file,"src/mqueue.erl"},{line,14}]},{edb_listener,do_accept,1,[{file,"src/edb_listener.erl"},{line,44}]}]},[{gen_server,terminate,6,[{file,"gen_server.erl"},{line,737}]},{proc_lib,init_p_do_apply,3,[{file,"proc_lib.erl"},{line,237}]}]}
    ancestors: [<0.29.0>]
    messages: []
    links: []
    dictionary: []
    trap_exit: true
    status: running
    heap_size: 610
    stack_size: 27
    reductions: 301
  neighbours:
2015-10-20 00:17:41 =ERROR REPORT====
Error in process <0.62.0> with exit value: {{badmatch,{error,{already_started,<0.64.0>}}},[{edb_listener,do_accept,1,[{file,"src/edb_listener.erl"},{line,45}]}]}

2015-10-20 00:17:41 =ERROR REPORT====
Error in process <0.63.0> with exit value: {{badmatch,{error,{already_started,<0.64.0>}}},[{edb_listener,do_accept,1,[{file,"src/edb_listener.erl"},{line,45}]}]}

2015-10-20 00:17:41 =ERROR REPORT====
Error in process <0.29.0> with exit value: {{badmatch,{error,{already_started,<0.64.0>}}},[{edb_listener,do_accept,1,[{file,"src/edb_listener.erl"},{line,45}]}]}

2015-10-20 00:17:41 =ERROR REPORT====
** Generic server pgsql_connection_sup terminating 
** Last message in was {'EXIT',<0.29.0>,{{badmatch,{error,{already_started,<0.64.0>}}},[{edb_listener,do_accept,1,[{file,"src/edb_listener.erl"},{line,45}]}]}}
** When Server state == {state,{local,pgsql_connection_sup},simple_one_for_one,[{child,undefined,pgsql_connection,{pgsql_connection,start_link,[]},temporary,5000,worker,[pgsql_proto]}],undefined,5,1,[],pgsql_connection_sup,[]}
** Reason for termination == 
** {{badmatch,{error,{already_started,<0.64.0>}}},[{edb_listener,do_accept,1,[{file,"src/edb_listener.erl"},{line,45}]}]}
2015-10-20 00:17:41 =CRASH REPORT====
  crasher:
    initial call: supervisor:pgsql_connection_sup/1
    pid: <0.61.0>
    registered_name: pgsql_connection_sup
    exception exit: {{{badmatch,{error,{already_started,<0.64.0>}}},[{edb_listener,do_accept,1,[{file,"src/edb_listener.erl"},{line,45}]}]},[{gen_server,terminate,6,[{file,"gen_server.erl"},{line,737}]},{proc_lib,init_p_do_apply,3,[{file,"proc_lib.erl"},{line,237}]}]}
    ancestors: [<0.29.0>]
    messages: []
    links: []
    dictionary: []
    trap_exit: true
    status: running
    heap_size: 376
    stack_size: 27
    reductions: 277
  neighbours:
2015-10-20 00:22:41 =ERROR REPORT====
Error in process <0.29.0> with exit value: {{badmatch,{error,{already_started,<0.62.0>}}},[{edb_listener,do_accept,1,[{file,"src/edb_listener.erl"},{line,45}]}]}

2015-10-20 00:22:41 =ERROR REPORT====
** Generic server pgsql_connection_sup terminating 
** Last message in was {'EXIT',<0.29.0>,{{badmatch,{error,{already_started,<0.62.0>}}},[{edb_listener,do_accept,1,[{file,"src/edb_listener.erl"},{line,45}]}]}}
** When Server state == {state,{local,pgsql_connection_sup},simple_one_for_one,[{child,undefined,pgsql_connection,{pgsql_connection,start_link,[]},temporary,5000,worker,[pgsql_proto]}],undefined,5,1,[],pgsql_connection_sup,[]}
** Reason for termination == 
** {{badmatch,{error,{already_started,<0.62.0>}}},[{edb_listener,do_accept,1,[{file,"src/edb_listener.erl"},{line,45}]}]}
2015-10-20 00:22:41 =CRASH REPORT====
  crasher:
    initial call: supervisor:pgsql_connection_sup/1
    pid: <0.61.0>
    registered_name: pgsql_connection_sup
    exception exit: {{{badmatch,{error,{already_started,<0.62.0>}}},[{edb_listener,do_accept,1,[{file,"src/edb_listener.erl"},{line,45}]}]},[{gen_server,terminate,6,[{file,"gen_server.erl"},{line,737}]},{proc_lib,init_p_do_apply,3,[{file,"proc_lib.erl"},{line,237}]}]}
    ancestors: [<0.29.0>]
    messages: []
    links: []
    dictionary: []
    trap_exit: true
    status: running
    heap_size: 376
    stack_size: 27
    reductions: 277
  neighbours:
2015-10-20 00:30:50 =ERROR REPORT====
Error in process <0.29.0> with exit value: {{badmatch,{error,{already_started,<0.62.0>}}},[{edb_listener,do_accept,1,[{file,"src/edb_listener.erl"},{line,45}]}]}

2015-10-20 00:30:50 =ERROR REPORT====
** Generic server pgsql_connection_sup terminating 
** Last message in was {'EXIT',<0.29.0>,{{badmatch,{error,{already_started,<0.62.0>}}},[{edb_listener,do_accept,1,[{file,"src/edb_listener.erl"},{line,45}]}]}}
** When Server state == {state,{local,pgsql_connection_sup},simple_one_for_one,[{child,undefined,pgsql_connection,{pgsql_connection,start_link,[]},temporary,5000,worker,[pgsql_proto]}],undefined,5,1,[],pgsql_connection_sup,[]}
** Reason for termination == 
** {{badmatch,{error,{already_started,<0.62.0>}}},[{edb_listener,do_accept,1,[{file,"src/edb_listener.erl"},{line,45}]}]}
2015-10-20 00:30:50 =CRASH REPORT====
  crasher:
    initial call: supervisor:pgsql_connection_sup/1
    pid: <0.61.0>
    registered_name: pgsql_connection_sup
    exception exit: {{{badmatch,{error,{already_started,<0.62.0>}}},[{edb_listener,do_accept,1,[{file,"src/edb_listener.erl"},{line,45}]}]},[{gen_server,terminate,6,[{file,"gen_server.erl"},{line,737}]},{proc_lib,init_p_do_apply,3,[{file,"proc_lib.erl"},{line,237}]}]}
    ancestors: [<0.29.0>]
    messages: []
    links: []
    dictionary: []
    trap_exit: true
    status: running
    heap_size: 376
    stack_size: 27
    reductions: 277
  neighbours:
2015-10-22 00:11:19 =ERROR REPORT====
application_controller: bad term: './data'-noshell
2015-10-23 23:46:12 =ERROR REPORT====
application_controller: unterminated atom starting with './data': './data
2015-10-23 23:46:12 =ERROR REPORT====
application_controller: unterminated atom starting with './data': './data
2015-10-23 23:46:12 =ERROR REPORT====
application_controller: unterminated atom starting with './data': './data
2015-10-23 23:47:01 =ERROR REPORT====
application_controller: unterminated atom starting with './data': './data
2015-10-23 23:47:01 =ERROR REPORT====
application_controller: unterminated atom starting with './data': './data
2015-10-23 23:47:02 =ERROR REPORT====
application_controller: unterminated atom starting with './data': './data
2015-10-23 23:47:17 =ERROR REPORT====
application_controller: unterminated atom starting with './data': './data
2015-10-23 23:47:17 =ERROR REPORT====
application_controller: unterminated atom starting with './data': './data
2015-10-23 23:47:17 =ERROR REPORT====
application_controller: unterminated atom starting with './data': './data
